This file contains any messages produced by compilers while
running configure, to aid debugging if configure makes a mistake.

It was created by configure, which was
generated by GNU Autoconf 2.69.  Invocation command line was

  $ ./configure 

## --------- ##
## Platform. ##
## --------- ##

hostname = wesleymas-comp
uname -m = x86_64
uname -r = 5.4.0-58-generic
uname -s = Linux
uname -v = #64~18.04.1-Ubuntu SMP Wed Dec 9 17:11:11 UTC 2020

/usr/bin/uname -p = unknown
/bin/uname -X     = unknown

/bin/arch              = unknown
/usr/bin/arch -k       = unknown
/usr/convex/getsysinfo = unknown
/usr/bin/hostinfo      = unknown
/bin/machine           = unknown
/usr/bin/oslevel       = unknown
/bin/universe          = unknown

PATH: /usr/local/sbin
PATH: /usr/local/bin
PATH: /usr/sbin
PATH: /usr/bin
PATH: /sbin
PATH: /bin
PATH: /usr/games
PATH: /usr/local/games
PATH: /snap/bin


## ----------- ##
## Core tests. ##
## ----------- ##

configure:2237: checking for gcc
configure:2253: found /usr/bin/gcc
configure:2264: result: gcc
configure:2493: checking for C compiler version
configure:2502: gcc --version >&5
gcc (Ubuntu 7.5.0-3ubuntu1~18.04) 7.5.0
Copyright (C) 2017 Free Software Foundation, Inc.
This is free software; see the source for copying conditions.  There is NO
warranty; not even for MERCHANTABILITY or FITNESS FOR A PARTICULAR PURPOSE.

configure:2513: $? = 0
configure:2502: gcc -v >&5
Using built-in specs.
COLLECT_GCC=gcc
COLLECT_LTO_WRAPPER=/usr/lib/gcc/x86_64-linux-gnu/7/lto-wrapper
OFFLOAD_TARGET_NAMES=nvptx-none
OFFLOAD_TARGET_DEFAULT=1
Target: x86_64-linux-gnu
Configured with: ../src/configure -v --with-pkgversion='Ubuntu 7.5.0-3ubuntu1~18.04' --with-bugurl=file:///usr/share/doc/gcc-7/README.Bugs --enable-languages=c,ada,c++,go,brig,d,fortran,objc,obj-c++ --prefix=/usr --with-gcc-major-version-only --program-suffix=-7 --program-prefix=x86_64-linux-gnu- --enable-shared --enable-linker-build-id --libexecdir=/usr/lib --without-included-gettext --enable-threads=posix --libdir=/usr/lib --enable-nls --enable-bootstrap --enable-clocale=gnu --enable-libstdcxx-debug --enable-libstdcxx-time=yes --with-default-libstdcxx-abi=new --enable-gnu-unique-object --disable-vtable-verify --enable-libmpx --enable-plugin --enable-default-pie --with-system-zlib --with-target-system-zlib --enable-objc-gc=auto --enable-multiarch --disable-werror --with-arch-32=i686 --with-abi=m64 --with-multilib-list=m32,m64,mx32 --enable-multilib --with-tune=generic --enable-offload-targets=nvptx-none --without-cuda-driver --enable-checking=release --build=x86_64-linux-gnu --host=x86_64-linux-gnu --target=x86_64-linux-gnu
Thread model: posix
gcc version 7.5.0 (Ubuntu 7.5.0-3ubuntu1~18.04) 
configure:2513: $? = 0
configure:2502: gcc -V >&5
gcc: error: unrecognized command line option '-V'
gcc: fatal error: no input files
compilation terminated.
configure:2513: $? = 1
configure:2502: gcc -qversion >&5
gcc: error: unrecognized command line option '-qversion'; did you mean '--version'?
gcc: fatal error: no input files
compilation terminated.
configure:2513: $? = 1
configure:2533: checking whether the C compiler works
configure:2555: gcc    conftest.c  >&5
configure:2559: $? = 0
configure:2607: result: yes
configure:2610: checking for C compiler default output file name
configure:2612: result: a.out
configure:2618: checking for suffix of executables
configure:2625: gcc -o conftest    conftest.c  >&5
configure:2629: $? = 0
configure:2651: result: 
configure:2673: checking whether we are cross compiling
configure:2681: gcc -o conftest    conftest.c  >&5
configure:2685: $? = 0
configure:2692: ./conftest
configure:2696: $? = 0
configure:2711: result: no
configure:2716: checking for suffix of object files
configure:2738: gcc -c   conftest.c >&5
configure:2742: $? = 0
configure:2763: result: o
configure:2767: checking whether we are using the GNU C compiler
configure:2786: gcc -c   conftest.c >&5
configure:2786: $? = 0
configure:2795: result: yes
configure:2804: checking whether gcc accepts -g
configure:2824: gcc -c -g  conftest.c >&5
configure:2824: $? = 0
configure:2865: result: yes
configure:2882: checking for gcc option to accept ISO C89
configure:2945: gcc  -c -g -O2  conftest.c >&5
configure:2945: $? = 0
configure:2958: result: none needed
configure:3036: checking for g++
configure:3052: found /usr/bin/g++
configure:3063: result: g++
configure:3090: checking for C++ compiler version
configure:3099: g++ --version >&5
g++ (Ubuntu 7.5.0-3ubuntu1~18.04) 7.5.0
Copyright (C) 2017 Free Software Foundation, Inc.
This is free software; see the source for copying conditions.  There is NO
warranty; not even for MERCHANTABILITY or FITNESS FOR A PARTICULAR PURPOSE.

configure:3110: $? = 0
configure:3099: g++ -v >&5
Using built-in specs.
COLLECT_GCC=g++
COLLECT_LTO_WRAPPER=/usr/lib/gcc/x86_64-linux-gnu/7/lto-wrapper
OFFLOAD_TARGET_NAMES=nvptx-none
OFFLOAD_TARGET_DEFAULT=1
Target: x86_64-linux-gnu
Configured with: ../src/configure -v --with-pkgversion='Ubuntu 7.5.0-3ubuntu1~18.04' --with-bugurl=file:///usr/share/doc/gcc-7/README.Bugs --enable-languages=c,ada,c++,go,brig,d,fortran,objc,obj-c++ --prefix=/usr --with-gcc-major-version-only --program-suffix=-7 --program-prefix=x86_64-linux-gnu- --enable-shared --enable-linker-build-id --libexecdir=/usr/lib --without-included-gettext --enable-threads=posix --libdir=/usr/lib --enable-nls --enable-bootstrap --enable-clocale=gnu --enable-libstdcxx-debug --enable-libstdcxx-time=yes --with-default-libstdcxx-abi=new --enable-gnu-unique-object --disable-vtable-verify --enable-libmpx --enable-plugin --enable-default-pie --with-system-zlib --with-target-system-zlib --enable-objc-gc=auto --enable-multiarch --disable-werror --with-arch-32=i686 --with-abi=m64 --with-multilib-list=m32,m64,mx32 --enable-multilib --with-tune=generic --enable-offload-targets=nvptx-none --without-cuda-driver --enable-checking=release --build=x86_64-linux-gnu --host=x86_64-linux-gnu --target=x86_64-linux-gnu
Thread model: posix
gcc version 7.5.0 (Ubuntu 7.5.0-3ubuntu1~18.04) 
configure:3110: $? = 0
configure:3099: g++ -V >&5
g++: error: unrecognized command line option '-V'
g++: fatal error: no input files
compilation terminated.
configure:3110: $? = 1
configure:3099: g++ -qversion >&5
g++: error: unrecognized command line option '-qversion'; did you mean '--version'?
g++: fatal error: no input files
compilation terminated.
configure:3110: $? = 1
configure:3114: checking whether we are using the GNU C++ compiler
configure:3133: g++ -c   conftest.cpp >&5
configure:3133: $? = 0
configure:3142: result: yes
configure:3151: checking whether g++ accepts -g
configure:3171: g++ -c -g  conftest.cpp >&5
configure:3171: $? = 0
configure:3212: result: yes
configure:3240: checking how to run the C++ preprocessor
configure:3267: g++ -E  conftest.cpp
configure:3267: $? = 0
configure:3281: g++ -E  conftest.cpp
conftest.cpp:9:10: fatal error: ac_nonexistent.h: No such file or directory
 #include <ac_nonexistent.h>
          ^~~~~~~~~~~~~~~~~~
compilation terminated.
configure:3281: $? = 1
configure: failed program was:
| /* confdefs.h */
| #define PACKAGE_NAME ""
| #define PACKAGE_TARNAME ""
| #define PACKAGE_VERSION ""
| #define PACKAGE_STRING ""
| #define PACKAGE_BUGREPORT ""
| #define PACKAGE_URL ""
| /* end confdefs.h.  */
| #include <ac_nonexistent.h>
configure:3306: result: g++ -E
configure:3326: g++ -E  conftest.cpp
configure:3326: $? = 0
configure:3340: g++ -E  conftest.cpp
conftest.cpp:9:10: fatal error: ac_nonexistent.h: No such file or directory
 #include <ac_nonexistent.h>
          ^~~~~~~~~~~~~~~~~~
compilation terminated.
configure:3340: $? = 1
configure: failed program was:
| /* confdefs.h */
| #define PACKAGE_NAME ""
| #define PACKAGE_TARNAME ""
| #define PACKAGE_VERSION ""
| #define PACKAGE_STRING ""
| #define PACKAGE_BUGREPORT ""
| #define PACKAGE_URL ""
| /* end confdefs.h.  */
| #include <ac_nonexistent.h>
configure:3411: checking for a BSD-compatible install
configure:3479: result: /usr/bin/install -c
configure:3492: checking for an ANSI C-conforming const
configure:3558: g++ -c -g -O2  conftest.cpp >&5
configure:3558: $? = 0
configure:3565: result: yes
configure:3574: checking for grep that handles long lines and -e
configure:3632: result: /bin/grep
configure:3637: checking for egrep
configure:3699: result: /bin/grep -E
configure:3704: checking for ANSI C header files
configure:3724: g++ -c -g -O2  conftest.cpp >&5
configure:3724: $? = 0
configure:3797: g++ -o conftest -g -O2   conftest.cpp  >&5
configure:3797: $? = 0
configure:3797: ./conftest
configure:3797: $? = 0
configure:3808: result: yes
configure:3821: checking for sys/types.h
configure:3821: g++ -c -g -O2  conftest.cpp >&5
configure:3821: $? = 0
configure:3821: result: yes
configure:3821: checking for sys/stat.h
configure:3821: g++ -c -g -O2  conftest.cpp >&5
configure:3821: $? = 0
configure:3821: result: yes
configure:3821: checking for stdlib.h
configure:3821: g++ -c -g -O2  conftest.cpp >&5
configure:3821: $? = 0
configure:3821: result: yes
configure:3821: checking for string.h
configure:3821: g++ -c -g -O2  conftest.cpp >&5
configure:3821: $? = 0
configure:3821: result: yes
configure:3821: checking for memory.h
configure:3821: g++ -c -g -O2  conftest.cpp >&5
configure:3821: $? = 0
configure:3821: result: yes
configure:3821: checking for strings.h
configure:3821: g++ -c -g -O2  conftest.cpp >&5
configure:3821: $? = 0
configure:3821: result: yes
configure:3821: checking for inttypes.h
configure:3821: g++ -c -g -O2  conftest.cpp >&5
configure:3821: $? = 0
configure:3821: result: yes
configure:3821: checking for stdint.h
configure:3821: g++ -c -g -O2  conftest.cpp >&5
configure:3821: $? = 0
configure:3821: result: yes
configure:3821: checking for unistd.h
configure:3821: g++ -c -g -O2  conftest.cpp >&5
configure:3821: $? = 0
configure:3821: result: yes
configure:3833: checking for size_t
configure:3833: g++ -c -g -O2  conftest.cpp >&5
configure:3833: $? = 0
configure:3833: g++ -c -g -O2  conftest.cpp >&5
conftest.cpp: In function 'int main()':
conftest.cpp:55:20: error: expected primary-expression before ')' token
 if (sizeof ((size_t)))
                    ^
configure:3833: $? = 1
configure: failed program was:
| /* confdefs.h */
| #define PACKAGE_NAME ""
| #define PACKAGE_TARNAME ""
| #define PACKAGE_VERSION ""
| #define PACKAGE_STRING ""
| #define PACKAGE_BUGREPORT ""
| #define PACKAGE_URL ""
| #define STDC_HEADERS 1
| #define HAVE_SYS_TYPES_H 1
| #define HAVE_SYS_STAT_H 1
| #define HAVE_STDLIB_H 1
| #define HAVE_STRING_H 1
| #define HAVE_MEMORY_H 1
| #define HAVE_STRINGS_H 1
| #define HAVE_INTTYPES_H 1
| #define HAVE_STDINT_H 1
| #define HAVE_UNISTD_H 1
| /* end confdefs.h.  */
| #include <stdio.h>
| #ifdef HAVE_SYS_TYPES_H
| # include <sys/types.h>
| #endif
| #ifdef HAVE_SYS_STAT_H
| # include <sys/stat.h>
| #endif
| #ifdef STDC_HEADERS
| # include <stdlib.h>
| # include <stddef.h>
| #else
| # ifdef HAVE_STDLIB_H
| #  include <stdlib.h>
| # endif
| #endif
| #ifdef HAVE_STRING_H
| # if !defined STDC_HEADERS && defined HAVE_MEMORY_H
| #  include <memory.h>
| # endif
| # include <string.h>
| #endif
| #ifdef HAVE_STRINGS_H
| # include <strings.h>
| #endif
| #ifdef HAVE_INTTYPES_H
| # include <inttypes.h>
| #endif
| #ifdef HAVE_STDINT_H
| # include <stdint.h>
| #endif
| #ifdef HAVE_UNISTD_H
| # include <unistd.h>
| #endif
| int
| main ()
| {
| if (sizeof ((size_t)))
| 	    return 0;
|   ;
|   return 0;
| }
configure:3833: result: yes
configure:3860: g++ -c -g -O2  conftest.cpp >&5
conftest.cpp: In function 'int main()':
conftest.cpp:26:13: error: aggregate 'main()::semun sem' has incomplete type and cannot be defined
 union semun sem;
             ^~~
configure:3860: $? = 1
configure: failed program was:
| /* confdefs.h */
| #define PACKAGE_NAME ""
| #define PACKAGE_TARNAME ""
| #define PACKAGE_VERSION ""
| #define PACKAGE_STRING ""
| #define PACKAGE_BUGREPORT ""
| #define PACKAGE_URL ""
| #define STDC_HEADERS 1
| #define HAVE_SYS_TYPES_H 1
| #define HAVE_SYS_STAT_H 1
| #define HAVE_STDLIB_H 1
| #define HAVE_STRING_H 1
| #define HAVE_MEMORY_H 1
| #define HAVE_STRINGS_H 1
| #define HAVE_INTTYPES_H 1
| #define HAVE_STDINT_H 1
| #define HAVE_UNISTD_H 1
| /* end confdefs.h.  */
| #include <sys/types.h>
| #include <sys/ipc.h>
| #include <sys/sem.h>
| 
| int
| main ()
| {
| union semun sem;
|   ;
|   return 0;
| }
configure:3880: g++ -c -g -O2  conftest.cpp >&5
configure:3880: $? = 0
configure:3899: g++ -c -g -O2  conftest.cpp >&5
configure:3899: $? = 0
configure:3917: g++ -o conftest -g -O2   conftest.cpp  >&5
configure:3917: $? = 0
configure:3931: checking algorithm usability
configure:3931: g++ -c -g -O2  conftest.cpp >&5
configure:3931: $? = 0
configure:3931: result: yes
configure:3931: checking algorithm presence
configure:3931: g++ -E  conftest.cpp
configure:3931: $? = 0
configure:3931: result: yes
configure:3931: checking for algorithm
configure:3931: result: yes
configure:3931: checking algo.h usability
configure:3931: g++ -c -g -O2  conftest.cpp >&5
conftest.cpp:53:10: fatal error: algo.h: No such file or directory
 #include <algo.h>
          ^~~~~~~~
compilation terminated.
configure:3931: $? = 1
configure: failed program was:
| /* confdefs.h */
| #define PACKAGE_NAME ""
| #define PACKAGE_TARNAME ""
| #define PACKAGE_VERSION ""
| #define PACKAGE_STRING ""
| #define PACKAGE_BUGREPORT ""
| #define PACKAGE_URL ""
| #define STDC_HEADERS 1
| #define HAVE_SYS_TYPES_H 1
| #define HAVE_SYS_STAT_H 1
| #define HAVE_STDLIB_H 1
| #define HAVE_STRING_H 1
| #define HAVE_MEMORY_H 1
| #define HAVE_STRINGS_H 1
| #define HAVE_INTTYPES_H 1
| #define HAVE_STDINT_H 1
| #define HAVE_UNISTD_H 1
| #define HAVE_ALGORITHM 1
| /* end confdefs.h.  */
| #include <stdio.h>
| #ifdef HAVE_SYS_TYPES_H
| # include <sys/types.h>
| #endif
| #ifdef HAVE_SYS_STAT_H
| # include <sys/stat.h>
| #endif
| #ifdef STDC_HEADERS
| # include <stdlib.h>
| # include <stddef.h>
| #else
| # ifdef HAVE_STDLIB_H
| #  include <stdlib.h>
| # endif
| #endif
| #ifdef HAVE_STRING_H
| # if !defined STDC_HEADERS && defined HAVE_MEMORY_H
| #  include <memory.h>
| # endif
| # include <string.h>
| #endif
| #ifdef HAVE_STRINGS_H
| # include <strings.h>
| #endif
| #ifdef HAVE_INTTYPES_H
| # include <inttypes.h>
| #endif
| #ifdef HAVE_STDINT_H
| # include <stdint.h>
| #endif
| #ifdef HAVE_UNISTD_H
| # include <unistd.h>
| #endif
| #include <algo.h>
configure:3931: result: no
configure:3931: checking algo.h presence
configure:3931: g++ -E  conftest.cpp
conftest.cpp:20:10: fatal error: algo.h: No such file or directory
 #include <algo.h>
          ^~~~~~~~
compilation terminated.
configure:3931: $? = 1
configure: failed program was:
| /* confdefs.h */
| #define PACKAGE_NAME ""
| #define PACKAGE_TARNAME ""
| #define PACKAGE_VERSION ""
| #define PACKAGE_STRING ""
| #define PACKAGE_BUGREPORT ""
| #define PACKAGE_URL ""
| #define STDC_HEADERS 1
| #define HAVE_SYS_TYPES_H 1
| #define HAVE_SYS_STAT_H 1
| #define HAVE_STDLIB_H 1
| #define HAVE_STRING_H 1
| #define HAVE_MEMORY_H 1
| #define HAVE_STRINGS_H 1
| #define HAVE_INTTYPES_H 1
| #define HAVE_STDINT_H 1
| #define HAVE_UNISTD_H 1
| #define HAVE_ALGORITHM 1
| /* end confdefs.h.  */
| #include <algo.h>
configure:3931: result: no
configure:3931: checking for algo.h
configure:3931: result: no
configure:3931: checking algo usability
configure:3931: g++ -c -g -O2  conftest.cpp >&5
conftest.cpp:53:10: fatal error: algo: No such file or directory
 #include <algo>
          ^~~~~~
compilation terminated.
configure:3931: $? = 1
configure: failed program was:
| /* confdefs.h */
| #define PACKAGE_NAME ""
| #define PACKAGE_TARNAME ""
| #define PACKAGE_VERSION ""
| #define PACKAGE_STRING ""
| #define PACKAGE_BUGREPORT ""
| #define PACKAGE_URL ""
| #define STDC_HEADERS 1
| #define HAVE_SYS_TYPES_H 1
| #define HAVE_SYS_STAT_H 1
| #define HAVE_STDLIB_H 1
| #define HAVE_STRING_H 1
| #define HAVE_MEMORY_H 1
| #define HAVE_STRINGS_H 1
| #define HAVE_INTTYPES_H 1
| #define HAVE_STDINT_H 1
| #define HAVE_UNISTD_H 1
| #define HAVE_ALGORITHM 1
| /* end confdefs.h.  */
| #include <stdio.h>
| #ifdef HAVE_SYS_TYPES_H
| # include <sys/types.h>
| #endif
| #ifdef HAVE_SYS_STAT_H
| # include <sys/stat.h>
| #endif
| #ifdef STDC_HEADERS
| # include <stdlib.h>
| # include <stddef.h>
| #else
| # ifdef HAVE_STDLIB_H
| #  include <stdlib.h>
| # endif
| #endif
| #ifdef HAVE_STRING_H
| # if !defined STDC_HEADERS && defined HAVE_MEMORY_H
| #  include <memory.h>
| # endif
| # include <string.h>
| #endif
| #ifdef HAVE_STRINGS_H
| # include <strings.h>
| #endif
| #ifdef HAVE_INTTYPES_H
| # include <inttypes.h>
| #endif
| #ifdef HAVE_STDINT_H
| # include <stdint.h>
| #endif
| #ifdef HAVE_UNISTD_H
| # include <unistd.h>
| #endif
| #include <algo>
configure:3931: result: no
configure:3931: checking algo presence
configure:3931: g++ -E  conftest.cpp
conftest.cpp:20:10: fatal error: algo: No such file or directory
 #include <algo>
          ^~~~~~
compilation terminated.
configure:3931: $? = 1
configure: failed program was:
| /* confdefs.h */
| #define PACKAGE_NAME ""
| #define PACKAGE_TARNAME ""
| #define PACKAGE_VERSION ""
| #define PACKAGE_STRING ""
| #define PACKAGE_BUGREPORT ""
| #define PACKAGE_URL ""
| #define STDC_HEADERS 1
| #define HAVE_SYS_TYPES_H 1
| #define HAVE_SYS_STAT_H 1
| #define HAVE_STDLIB_H 1
| #define HAVE_STRING_H 1
| #define HAVE_MEMORY_H 1
| #define HAVE_STRINGS_H 1
| #define HAVE_INTTYPES_H 1
| #define HAVE_STDINT_H 1
| #define HAVE_UNISTD_H 1
| #define HAVE_ALGORITHM 1
| /* end confdefs.h.  */
| #include <algo>
configure:3931: result: no
configure:3931: checking for algo
configure:3931: result: no
configure:3958: g++ -c -g -O2  conftest.cpp >&5
conftest.cpp:20:0: warning: "_GNU_SOURCE" redefined
 #define _GNU_SOURCE
 
<command-line>:0:0: note: this is the location of the previous definition
configure:3958: $? = 0
configure:3984: g++ -o conftest -g -O2  -lpthread conftest.cpp  >&5
/tmp/ccxnDMiJ.o: In function `main':
/home/wesleymas/Documents/Work/bonnie++-2.00a/conftest.cpp:28: undefined reference to `pthread_create'
collect2: error: ld returned 1 exit status
configure:3984: $? = 1
configure: failed program was:
| /* confdefs.h */
| #define PACKAGE_NAME ""
| #define PACKAGE_TARNAME ""
| #define PACKAGE_VERSION ""
| #define PACKAGE_STRING ""
| #define PACKAGE_BUGREPORT ""
| #define PACKAGE_URL ""
| #define STDC_HEADERS 1
| #define HAVE_SYS_TYPES_H 1
| #define HAVE_SYS_STAT_H 1
| #define HAVE_STDLIB_H 1
| #define HAVE_STRING_H 1
| #define HAVE_MEMORY_H 1
| #define HAVE_STRINGS_H 1
| #define HAVE_INTTYPES_H 1
| #define HAVE_STDINT_H 1
| #define HAVE_UNISTD_H 1
| #define HAVE_ALGORITHM 1
| /* end confdefs.h.  */
| #include <pthread.h>
| void * thread_func(void * param) { return NULL; }
| 
| int
| main ()
| {
| pthread_t thread_info;
|      pthread_attr_t attr;
|      pthread_create(&thread_info, &attr, &thread_func, NULL);
| 
|   ;
|   return 0;
| }
configure:4039: g++ -o conftest -g -O2  -lpthread conftest.cpp  >&5
configure:4039: $? = 0
configure:4039: ./conftest
configure:4039: $? = 0
configure:4166: creating ./config.status

## ---------------------- ##
## Running config.status. ##
## ---------------------- ##

This file was extended by config.status, which was
generated by GNU Autoconf 2.69.  Invocation command line was

  CONFIG_FILES    = 
  CONFIG_HEADERS  = 
  CONFIG_LINKS    = 
  CONFIG_COMMANDS = 
  $ ./config.status 

on wesleymas-comp

config.status:823: creating Makefile
config.status:926: WARNING:  'Makefile.in' seems to ignore the --datarootdir setting
config.status:823: creating bonnie.h
config.status:823: creating port.h
config.status:823: creating bonnie++.spec
config.status:823: creating bon_csv2txt
config.status:823: creating bon_csv2html.1
config.status:823: creating sun/pkginfo
config.status:823: creating conf.h
config.status:998: conf.h is unchanged

## ---------------- ##
## Cache variables. ##
## ---------------- ##

ac_cv_c_compiler_gnu=yes
ac_cv_c_const=yes
ac_cv_cxx_compiler_gnu=yes
ac_cv_env_CCC_set=
ac_cv_env_CCC_value=
ac_cv_env_CC_set=
ac_cv_env_CC_value=
ac_cv_env_CFLAGS_set=
ac_cv_env_CFLAGS_value=
ac_cv_env_CPPFLAGS_set=
ac_cv_env_CPPFLAGS_value=
ac_cv_env_CXXCPP_set=
ac_cv_env_CXXCPP_value=
ac_cv_env_CXXFLAGS_set=
ac_cv_env_CXXFLAGS_value=
ac_cv_env_CXX_set=
ac_cv_env_CXX_value=
ac_cv_env_LDFLAGS_set=
ac_cv_env_LDFLAGS_value=
ac_cv_env_LIBS_set=
ac_cv_env_LIBS_value=
ac_cv_env_build_alias_set=
ac_cv_env_build_alias_value=
ac_cv_env_host_alias_set=
ac_cv_env_host_alias_value=
ac_cv_env_target_alias_set=
ac_cv_env_target_alias_value=
ac_cv_header_algo=no
ac_cv_header_algo_h=no
ac_cv_header_algorithm=yes
ac_cv_header_inttypes_h=yes
ac_cv_header_memory_h=yes
ac_cv_header_stdc=yes
ac_cv_header_stdint_h=yes
ac_cv_header_stdlib_h=yes
ac_cv_header_string_h=yes
ac_cv_header_strings_h=yes
ac_cv_header_sys_stat_h=yes
ac_cv_header_sys_types_h=yes
ac_cv_header_unistd_h=yes
ac_cv_objext=o
ac_cv_path_EGREP='/bin/grep -E'
ac_cv_path_GREP=/bin/grep
ac_cv_path_install='/usr/bin/install -c'
ac_cv_prog_CXXCPP='g++ -E'
ac_cv_prog_ac_ct_CC=gcc
ac_cv_prog_ac_ct_CXX=g++
ac_cv_prog_cc_c89=
ac_cv_prog_cc_g=yes
ac_cv_prog_cxx_g=yes
ac_cv_type_size_t=yes

## ----------------- ##
## Output variables. ##
## ----------------- ##

CC='gcc'
CFLAGS='-g -O2'
CPPFLAGS=''
CXX='g++'
CXXCPP='g++ -E'
CXXFLAGS='-g -O2'
DEFS='-DHAVE_CONFIG_H'
ECHO_C=''
ECHO_N='-n'
ECHO_T=''
EGREP='/bin/grep -E'
EXEEXT=''
GREP='/bin/grep'
INSTALL_DATA='${INSTALL} -m 644'
INSTALL_PROGRAM='${INSTALL}'
INSTALL_SCRIPT='${INSTALL}'
LDFLAGS='-lpthread'
LIBOBJS=''
LIBS=''
LTLIBOBJS=''
OBJEXT='o'
PACKAGE_BUGREPORT=''
PACKAGE_NAME=''
PACKAGE_STRING=''
PACKAGE_TARNAME=''
PACKAGE_URL=''
PACKAGE_VERSION=''
PATH_SEPARATOR=':'
SHELL='/bin/bash'
ac_ct_CC='gcc'
ac_ct_CXX='g++'
bindir='${exec_prefix}/bin'
bool=''
build_alias=''
csv_version='1.98'
datadir='${datarootdir}'
datarootdir='${prefix}/share'
debug=''
docdir='${datarootdir}/doc/${PACKAGE}'
dvidir='${docdir}'
exec_prefix='${prefix}'
host_alias=''
htmldir='${docdir}'
includedir='${prefix}/include'
infodir='${datarootdir}/info'
large_file='#define _LARGEFILE64_SOURCE'
libdir='${exec_prefix}/lib'
libexecdir='${exec_prefix}/libexec'
linux_pthread='#define LINUX_PTHREAD'
localedir='${datarootdir}/locale'
localstatedir='${prefix}/var'
mandir='${datarootdir}/man'
oldincludedir='/usr/include'
pdfdir='${docdir}'
prefix='/usr/local'
program_transform_name='s,x,x,'
psdir='${docdir}'
runstatedir='${localstatedir}/run'
sbindir='${exec_prefix}/sbin'
semun=''
sharedstatedir='${prefix}/com'
snprintf=''
stripping='-s'
sysconfdir='${prefix}/etc'
target_alias=''
thread_ldflags='-pthread'
true_false='0'
version='2.00'

## ----------- ##
## confdefs.h. ##
## ----------- ##

/* confdefs.h */
#define PACKAGE_NAME ""
#define PACKAGE_TARNAME ""
#define PACKAGE_VERSION ""
#define PACKAGE_STRING ""
#define PACKAGE_BUGREPORT ""
#define PACKAGE_URL ""
#define STDC_HEADERS 1
#define HAVE_SYS_TYPES_H 1
#define HAVE_SYS_STAT_H 1
#define HAVE_STDLIB_H 1
#define HAVE_STRING_H 1
#define HAVE_MEMORY_H 1
#define HAVE_STRINGS_H 1
#define HAVE_INTTYPES_H 1
#define HAVE_STDINT_H 1
#define HAVE_UNISTD_H 1
#define HAVE_ALGORITHM 1

configure: exit 0
